<?xml version="1.0" encoding="UTF-8"?>
<!-- Generated by org.testng.reporters.JUnitReportReporter -->
<testsuite skipped="0" hostname="KalpeshT-W10" name="AER.FMDP_Automation.tests.settings.mnSettings.MNSettingsTests" tests="2" failures="0" timestamp="10 Apr 2019 06:00:19 GMT" time="118.785" errors="0">
  <testcase name="mnSetting_Add" time="80.612" classname="AER.FMDP_Automation.tests.settings.mnSettings.MNSettingsTests"/>
  <testcase name="mnSetting_Update" time="38.173" classname="AER.FMDP_Automation.tests.settings.mnSettings.MNSettingsTests"/>
</testsuite> <!-- AER.FMDP_Automation.tests.settings.mnSettings.MNSettingsTests -->
