<?xml version="1.0" encoding="UTF-8"?>
<!-- Generated by org.testng.reporters.JUnitReportReporter -->
<testsuite skipped="0" hostname="KalpeshT-W10" name="AER.FMDP_Automation.tests.recipient.RecipientTests" tests="4" failures="0" timestamp="22 Feb 2019 12:23:16 GMT" time="46.984" errors="0">
  <testcase name="recipient_Add" time="20.265" classname="AER.FMDP_Automation.tests.recipient.RecipientTests"/>
  <testcase name="recipient_Update" time="12.939" classname="AER.FMDP_Automation.tests.recipient.RecipientTests"/>
  <testcase name="recipient_Inactive" time="7.621" classname="AER.FMDP_Automation.tests.recipient.RecipientTests"/>
  <testcase name="recipient_Delete" time="6.159" classname="AER.FMDP_Automation.tests.recipient.RecipientTests"/>
</testsuite> <!-- AER.FMDP_Automation.tests.recipient.RecipientTests -->
