<?xml version="1.0" encoding="UTF-8"?>
<!-- Generated by org.testng.reporters.JUnitReportReporter -->
<testsuite skipped="0" hostname="KalpeshT-W10" name="AER.FMDP_Automation.tests.settings.mnSettings.MNSettingsTests" tests="2" failures="0" timestamp="22 Feb 2019 12:23:16 GMT" time="66.985" errors="0">
  <testcase name="mnSetting_Add" time="44.053" classname="AER.FMDP_Automation.tests.settings.mnSettings.MNSettingsTests"/>
  <testcase name="mnSetting_Update" time="22.932" classname="AER.FMDP_Automation.tests.settings.mnSettings.MNSettingsTests"/>
</testsuite> <!-- AER.FMDP_Automation.tests.settings.mnSettings.MNSettingsTests -->
