<?xml version="1.0" encoding="UTF-8"?>
<!-- Generated by org.testng.reporters.JUnitReportReporter -->
<testsuite skipped="0" hostname="KalpeshT-W10" name="AER.FMDP_Automation.tests.user.UserTests" tests="4" failures="0" timestamp="10 Apr 2019 06:00:19 GMT" time="155.304" errors="0">
  <testcase name="user_Add" time="86.869" classname="AER.FMDP_Automation.tests.user.UserTests"/>
  <testcase name="user_Update" time="43.684" classname="AER.FMDP_Automation.tests.user.UserTests"/>
  <testcase name="user_Inactive" time="9.696" classname="AER.FMDP_Automation.tests.user.UserTests"/>
  <testcase name="user_Delete" time="15.055" classname="AER.FMDP_Automation.tests.user.UserTests"/>
</testsuite> <!-- AER.FMDP_Automation.tests.user.UserTests -->
