<?xml version="1.0" encoding="UTF-8"?>
<!-- Generated by org.testng.reporters.JUnitReportReporter -->
<testsuite skipped="0" hostname="KalpeshT-W10" name="AER.FMDP_Automation.tests.settings.mnSettings.MNSettingsTests" tests="2" failures="0" timestamp="12 Nov 2018 14:38:40 GMT" time="42.413" errors="0">
  <testcase name="mnSetting_Add" time="24.593" classname="AER.FMDP_Automation.tests.settings.mnSettings.MNSettingsTests"/>
  <testcase name="mnSetting_Update" time="17.820" classname="AER.FMDP_Automation.tests.settings.mnSettings.MNSettingsTests"/>
</testsuite> <!-- AER.FMDP_Automation.tests.settings.mnSettings.MNSettingsTests -->
