<?xml version="1.0" encoding="UTF-8"?>
<!-- Generated by org.testng.reporters.JUnitReportReporter -->
<testsuite skipped="0" hostname="KalpeshT-W10" name="AER.FMDP_Automation.tests.settings.mnSettings.MNSettingsTests" tests="2" failures="0" timestamp="22 Nov 2018 13:54:24 GMT" time="39.883" errors="0">
  <testcase name="mnSetting_Add" time="22.305" classname="AER.FMDP_Automation.tests.settings.mnSettings.MNSettingsTests"/>
  <testcase name="mnSetting_Update" time="17.578" classname="AER.FMDP_Automation.tests.settings.mnSettings.MNSettingsTests"/>
</testsuite> <!-- AER.FMDP_Automation.tests.settings.mnSettings.MNSettingsTests -->
