<?xml version="1.0" encoding="UTF-8"?>
<!-- Generated by org.testng.reporters.JUnitReportReporter -->
<testsuite skipped="0" hostname="KalpeshT-W10" name="AER.FMDP_Automation.tests.supplier.SupplierTests" tests="4" failures="0" timestamp="16 Apr 2019 13:58:34 GMT" time="97.144" errors="0">
  <testcase name="supplier_Add" time="25.391" classname="AER.FMDP_Automation.tests.supplier.SupplierTests"/>
  <testcase name="supplier_Update" time="46.292" classname="AER.FMDP_Automation.tests.supplier.SupplierTests"/>
  <testcase name="supplier_Inactive" time="19.029" classname="AER.FMDP_Automation.tests.supplier.SupplierTests"/>
  <testcase name="supplier_Delete" time="6.432" classname="AER.FMDP_Automation.tests.supplier.SupplierTests"/>
</testsuite> <!-- AER.FMDP_Automation.tests.supplier.SupplierTests -->
