<?xml version="1.0" encoding="UTF-8"?>
<!-- Generated by org.testng.reporters.JUnitReportReporter -->
<testsuite skipped="0" hostname="KalpeshT-W10" name="AER.FMDP_Automation.tests.settings.generalSettings.GeneralSettingsTests" tests="2" failures="0" timestamp="10 Apr 2019 06:00:19 GMT" time="121.919" errors="0">
  <testcase name="generalSetting_Add" time="81.686" classname="AER.FMDP_Automation.tests.settings.generalSettings.GeneralSettingsTests"/>
  <testcase name="generalSetting_Update" time="40.233" classname="AER.FMDP_Automation.tests.settings.generalSettings.GeneralSettingsTests"/>
</testsuite> <!-- AER.FMDP_Automation.tests.settings.generalSettings.GeneralSettingsTests -->
