<?xml version="1.0" encoding="UTF-8"?>
<!-- Generated by org.testng.reporters.JUnitReportReporter -->
<testsuite skipped="0" hostname="KalpeshT-W10" name="AER.FMDP_Automation.tests.user.UserTests" tests="4" failures="0" timestamp="22 Nov 2018 13:54:24 GMT" time="70.276" errors="0">
  <testcase name="user_Add" time="30.287" classname="AER.FMDP_Automation.tests.user.UserTests"/>
  <testcase name="user_Update" time="26.870" classname="AER.FMDP_Automation.tests.user.UserTests"/>
  <testcase name="user_Inactive" time="5.220" classname="AER.FMDP_Automation.tests.user.UserTests"/>
  <testcase name="user_Delete" time="7.899" classname="AER.FMDP_Automation.tests.user.UserTests"/>
</testsuite> <!-- AER.FMDP_Automation.tests.user.UserTests -->
