<?xml version="1.0" encoding="UTF-8"?>
<!-- Generated by org.testng.reporters.JUnitReportReporter -->
<testsuite skipped="0" hostname="KalpeshT-W10" name="AER.FMDP_Automation.tests.user.UserTests" tests="4" failures="0" timestamp="22 Feb 2019 12:23:16 GMT" time="122.441" errors="0">
  <testcase name="user_Add" time="28.986" classname="AER.FMDP_Automation.tests.user.UserTests"/>
  <testcase name="user_Update" time="25.096" classname="AER.FMDP_Automation.tests.user.UserTests"/>
  <testcase name="user_Inactive" time="32.128" classname="AER.FMDP_Automation.tests.user.UserTests"/>
  <testcase name="user_Delete" time="36.231" classname="AER.FMDP_Automation.tests.user.UserTests"/>
</testsuite> <!-- AER.FMDP_Automation.tests.user.UserTests -->
