<?xml version="1.0" encoding="UTF-8"?>
<!-- Generated by org.testng.reporters.JUnitReportReporter -->
<testsuite skipped="0" hostname="KalpeshT-W10" name="AER.FMDP_Automation.tests.login.LoginTests" tests="2" failures="0" timestamp="10 Apr 2019 06:00:19 GMT" time="54.943" errors="0">
  <testcase name="login_Failure" time="13.783" classname="AER.FMDP_Automation.tests.login.LoginTests"/>
  <testcase name="login_ChangePassword" time="41.160" classname="AER.FMDP_Automation.tests.login.LoginTests"/>
</testsuite> <!-- AER.FMDP_Automation.tests.login.LoginTests -->
