<?xml version="1.0" encoding="UTF-8"?>
<!-- Generated by org.testng.reporters.JUnitReportReporter -->
<testsuite skipped="0" hostname="KalpeshT-W10" name="AER.FMDP_Automation.tests.recipient.RecipientTests" tests="4" failures="0" timestamp="10 Apr 2019 06:00:19 GMT" time="75.709" errors="0">
  <testcase name="recipient_Add" time="43.106" classname="AER.FMDP_Automation.tests.recipient.RecipientTests"/>
  <testcase name="recipient_Update" time="15.755" classname="AER.FMDP_Automation.tests.recipient.RecipientTests"/>
  <testcase name="recipient_Inactive" time="9.043" classname="AER.FMDP_Automation.tests.recipient.RecipientTests"/>
  <testcase name="recipient_Delete" time="7.805" classname="AER.FMDP_Automation.tests.recipient.RecipientTests"/>
</testsuite> <!-- AER.FMDP_Automation.tests.recipient.RecipientTests -->
