<?xml version="1.0" encoding="UTF-8"?>
<!-- Generated by org.testng.reporters.JUnitReportReporter -->
<testsuite skipped="0" hostname="KalpeshT-W10" name="AER.FMDP_Automation.tests.settings.generalSettings.GeneralSettingsTests" tests="2" failures="0" timestamp="22 Feb 2019 12:23:16 GMT" time="66.521" errors="0">
  <testcase name="generalSetting_Add" time="42.942" classname="AER.FMDP_Automation.tests.settings.generalSettings.GeneralSettingsTests"/>
  <testcase name="generalSetting_Update" time="23.579" classname="AER.FMDP_Automation.tests.settings.generalSettings.GeneralSettingsTests"/>
</testsuite> <!-- AER.FMDP_Automation.tests.settings.generalSettings.GeneralSettingsTests -->
