<?xml version="1.0" encoding="UTF-8"?>
<!-- Generated by org.testng.reporters.JUnitReportReporter -->
<testsuite skipped="0" hostname="KalpeshT-W10" name="AER.FMDP_Automation.tests.settings.generalSettings.GeneralSettingsTests" tests="2" failures="0" timestamp="12 Nov 2018 14:38:40 GMT" time="29.595" errors="0">
  <testcase name="generalSetting_Add" time="15.833" classname="AER.FMDP_Automation.tests.settings.generalSettings.GeneralSettingsTests"/>
  <testcase name="generalSetting_Update" time="13.762" classname="AER.FMDP_Automation.tests.settings.generalSettings.GeneralSettingsTests"/>
</testsuite> <!-- AER.FMDP_Automation.tests.settings.generalSettings.GeneralSettingsTests -->
