<?xml version="1.0" encoding="UTF-8"?>
<!-- Generated by org.testng.reporters.JUnitReportReporter -->
<testsuite skipped="0" hostname="KalpeshT-W10" name="AER.FMDP_Automation.tests.login.LoginTests" tests="2" failures="0" timestamp="22 Nov 2018 13:54:24 GMT" time="62.449" errors="0">
  <testcase name="login_Failure" time="23.186" classname="AER.FMDP_Automation.tests.login.LoginTests"/>
  <testcase name="login_ChangePassword" time="39.263" classname="AER.FMDP_Automation.tests.login.LoginTests"/>
</testsuite> <!-- AER.FMDP_Automation.tests.login.LoginTests -->
