<?xml version="1.0" encoding="UTF-8"?>
<!-- Generated by org.testng.reporters.JUnitReportReporter -->
<testsuite skipped="0" hostname="KalpeshT-W10" name="AER.FMDP_Automation.tests.settings.generalSettings.GeneralSettingsTests" tests="2" failures="0" timestamp="22 Nov 2018 13:54:24 GMT" time="52.278" errors="0">
  <testcase name="generalSetting_Add" time="26.689" classname="AER.FMDP_Automation.tests.settings.generalSettings.GeneralSettingsTests"/>
  <testcase name="generalSetting_Update" time="25.589" classname="AER.FMDP_Automation.tests.settings.generalSettings.GeneralSettingsTests"/>
</testsuite> <!-- AER.FMDP_Automation.tests.settings.generalSettings.GeneralSettingsTests -->
