<?xml version="1.0" encoding="UTF-8"?>
<!-- Generated by org.testng.reporters.JUnitReportReporter -->
<testsuite skipped="0" hostname="KalpeshT-W10" name="AER.FMDP_Automation.tests.recipient.RecipientTests" tests="4" failures="0" timestamp="09 Jan 2020 08:14:56 GMT" time="117.817" errors="0">
  <testcase name="recipient_Add" time="29.787" classname="AER.FMDP_Automation.tests.recipient.RecipientTests"/>
  <testcase name="recipient_Update" time="25.229" classname="AER.FMDP_Automation.tests.recipient.RecipientTests"/>
  <testcase name="recipient_Inactive" time="54.652" classname="AER.FMDP_Automation.tests.recipient.RecipientTests"/>
  <testcase name="recipient_Delete" time="8.149" classname="AER.FMDP_Automation.tests.recipient.RecipientTests"/>
</testsuite> <!-- AER.FMDP_Automation.tests.recipient.RecipientTests -->
