<?xml version="1.0" encoding="UTF-8"?>
<!-- Generated by org.testng.reporters.JUnitReportReporter -->
<testsuite skipped="0" hostname="KalpeshT-W10" name="AER.FMDP_Automation.tests.settings.mnSettings.MNSettingsTests" tests="2" failures="0" timestamp="09 Jan 2020 08:14:56 GMT" time="62.162" errors="0">
  <testcase name="mnSetting_Add" time="38.894" classname="AER.FMDP_Automation.tests.settings.mnSettings.MNSettingsTests"/>
  <testcase name="mnSetting_Update" time="23.268" classname="AER.FMDP_Automation.tests.settings.mnSettings.MNSettingsTests"/>
</testsuite> <!-- AER.FMDP_Automation.tests.settings.mnSettings.MNSettingsTests -->
