<?xml version="1.0" encoding="UTF-8"?>
<!-- Generated by org.testng.reporters.JUnitReportReporter -->
<testsuite skipped="0" hostname="KalpeshT-W10" name="AER.FMDP_Automation.tests.recipient.RecipientTests" tests="4" failures="0" timestamp="23 Sep 2019 09:37:32 GMT" time="45.767" errors="0">
  <testcase name="recipient_Add" time="21.623" classname="AER.FMDP_Automation.tests.recipient.RecipientTests"/>
  <testcase name="recipient_Update" time="12.592" classname="AER.FMDP_Automation.tests.recipient.RecipientTests"/>
  <testcase name="recipient_Inactive" time="6.577" classname="AER.FMDP_Automation.tests.recipient.RecipientTests"/>
  <testcase name="recipient_Delete" time="4.975" classname="AER.FMDP_Automation.tests.recipient.RecipientTests"/>
</testsuite> <!-- AER.FMDP_Automation.tests.recipient.RecipientTests -->
