<?xml version="1.0" encoding="UTF-8"?>
<!-- Generated by org.testng.reporters.JUnitReportReporter -->
<testsuite skipped="0" hostname="KalpeshT-W10" name="AER.FMDP_Automation.tests.login.LoginTests" tests="2" failures="0" timestamp="09 Jan 2020 08:14:56 GMT" time="42.854" errors="0">
  <testcase name="login_Failure" time="9.394" classname="AER.FMDP_Automation.tests.login.LoginTests"/>
  <testcase name="login_ChangePassword" time="33.460" classname="AER.FMDP_Automation.tests.login.LoginTests"/>
</testsuite> <!-- AER.FMDP_Automation.tests.login.LoginTests -->
