<?xml version="1.0" encoding="UTF-8"?>
<!-- Generated by org.testng.reporters.JUnitReportReporter -->
<testsuite skipped="0" hostname="KalpeshT-W10" name="AER.FMDP_Automation.tests.distribution.DistributionRequestTests" tests="1" failures="0" timestamp="22 Apr 2019 11:47:11 GMT" time="179.796" errors="0">
  <testcase name="supplier_Add" time="179.796" classname="AER.FMDP_Automation.tests.distribution.DistributionRequestTests"/>
</testsuite> <!-- AER.FMDP_Automation.tests.distribution.DistributionRequestTests -->
