<?xml version="1.0" encoding="UTF-8"?>
<!-- Generated by org.testng.reporters.JUnitReportReporter -->
<testsuite skipped="0" hostname="KalpeshT-W10" name="AER.FMDP_Automation.tests.settings.mnSettings.MNSettingsTests2" tests="2" failures="0" timestamp="09 Jan 2020 08:14:56 GMT" time="58.006" errors="0">
  <testcase name="mnSetting_Add" time="40.069" classname="AER.FMDP_Automation.tests.settings.mnSettings.MNSettingsTests2"/>
  <testcase name="mnSetting_Update" time="17.937" classname="AER.FMDP_Automation.tests.settings.mnSettings.MNSettingsTests2"/>
</testsuite> <!-- AER.FMDP_Automation.tests.settings.mnSettings.MNSettingsTests2 -->
