<?xml version="1.0" encoding="UTF-8"?>
<!-- Generated by org.testng.reporters.JUnitReportReporter -->
<testsuite skipped="0" hostname="KalpeshT-W10" name="AER.FMDP_Automation.tests.user.UserTests2" tests="4" failures="0" timestamp="09 Jan 2020 08:16:56 GMT" time="80.795" errors="0">
  <testcase name="user_Add" time="12.531" classname="AER.FMDP_Automation.tests.user.UserTests2"/>
  <testcase name="user_Update" time="12.009" classname="AER.FMDP_Automation.tests.user.UserTests2"/>
  <testcase name="user_Inactive" time="47.157" classname="AER.FMDP_Automation.tests.user.UserTests2"/>
  <testcase name="user_Delete" time="9.098" classname="AER.FMDP_Automation.tests.user.UserTests2"/>
</testsuite> <!-- AER.FMDP_Automation.tests.user.UserTests2 -->
