<?xml version="1.0" encoding="UTF-8"?>
<!-- Generated by org.testng.reporters.JUnitReportReporter -->
<testsuite skipped="0" hostname="KalpeshT-W10" name="AER.FMDP_Automation.tests.user.UserTests" tests="4" failures="0" timestamp="09 Jan 2020 08:14:56 GMT" time="114.305" errors="0">
  <testcase name="user_Add" time="25.741" classname="AER.FMDP_Automation.tests.user.UserTests"/>
  <testcase name="user_Update" time="23.938" classname="AER.FMDP_Automation.tests.user.UserTests"/>
  <testcase name="user_Inactive" time="52.984" classname="AER.FMDP_Automation.tests.user.UserTests"/>
  <testcase name="user_Delete" time="11.642" classname="AER.FMDP_Automation.tests.user.UserTests"/>
</testsuite> <!-- AER.FMDP_Automation.tests.user.UserTests -->
