<?xml version="1.0" encoding="UTF-8"?>
<!-- Generated by org.testng.reporters.JUnitReportReporter -->
<testsuite skipped="0" hostname="KalpeshT-W10" name="AER.FMDP_Automation.tests.supplier.SupplierTests" tests="5" failures="0" timestamp="09 Jan 2020 08:14:56 GMT" time="118.338" errors="0">
  <testcase name="supplier_Add" time="29.562" classname="AER.FMDP_Automation.tests.supplier.SupplierTests"/>
  <testcase name="supplier_Update" time="18.242" classname="AER.FMDP_Automation.tests.supplier.SupplierTests"/>
  <testcase name="supplier_Copy" time="15.913" classname="AER.FMDP_Automation.tests.supplier.SupplierTests"/>
  <testcase name="supplier_Inactive" time="50.265" classname="AER.FMDP_Automation.tests.supplier.SupplierTests"/>
  <testcase name="supplier_Delete" time="4.356" classname="AER.FMDP_Automation.tests.supplier.SupplierTests"/>
</testsuite> <!-- AER.FMDP_Automation.tests.supplier.SupplierTests -->
