<?xml version="1.0" encoding="UTF-8"?>
<!-- Generated by org.testng.reporters.JUnitReportReporter -->
<testsuite skipped="0" hostname="KalpeshT-W10" name="AER.FMDP_Automation.tests.user.UserTests" tests="4" failures="0" timestamp="23 Sep 2019 07:17:03 GMT" time="37.320" errors="0">
  <testcase name="user_Add" time="12.093" classname="AER.FMDP_Automation.tests.user.UserTests"/>
  <testcase name="user_Update" time="11.516" classname="AER.FMDP_Automation.tests.user.UserTests"/>
  <testcase name="user_Inactive" time="5.426" classname="AER.FMDP_Automation.tests.user.UserTests"/>
  <testcase name="user_Delete" time="8.285" classname="AER.FMDP_Automation.tests.user.UserTests"/>
</testsuite> <!-- AER.FMDP_Automation.tests.user.UserTests -->
