<?xml version="1.0" encoding="UTF-8"?>
<!-- Generated by org.testng.reporters.JUnitReportReporter -->
<testsuite skipped="0" hostname="KalpeshT-W10" name="AER.FMDP_Automation.tests.settings.generalSettings.GeneralSettingsTests2" tests="2" failures="0" timestamp="09 Jan 2020 08:14:56 GMT" time="59.692" errors="0">
  <testcase name="generalSetting_Add" time="36.806" classname="AER.FMDP_Automation.tests.settings.generalSettings.GeneralSettingsTests2"/>
  <testcase name="generalSetting_Update" time="22.886" classname="AER.FMDP_Automation.tests.settings.generalSettings.GeneralSettingsTests2"/>
</testsuite> <!-- AER.FMDP_Automation.tests.settings.generalSettings.GeneralSettingsTests2 -->
