<?xml version="1.0" encoding="UTF-8"?>
<!-- Generated by org.testng.reporters.JUnitReportReporter -->
<testsuite skipped="0" hostname="KalpeshT-W10" name="AER.FMDP_Automation.tests.login.LoginTests" tests="2" failures="0" timestamp="04 Dec 2019 10:05:17 GMT" time="31.080" errors="0">
  <testcase name="login_Failure" time="3.029" classname="AER.FMDP_Automation.tests.login.LoginTests"/>
  <testcase name="login_ChangePassword" time="28.051" classname="AER.FMDP_Automation.tests.login.LoginTests"/>
</testsuite> <!-- AER.FMDP_Automation.tests.login.LoginTests -->
